Arguments: 
  /Users/prasverm/.nvm/versions/node/v16.15.1/bin/node /usr/local/Cellar/yarn/1.22.17_2/libexec/bin/yarn.js install

PATH: 
  /Users/prasverm/.nvm/versions/node/v16.15.1/bin:/Users/prasverm/.nvm/versions/node/v12.20.1/bin:/Library/Frameworks/Python.framework/Versions/3.10/bin:/usr/local/bin:/usr/bin:/bin:/usr/sbin:/sbin:/Library/Apple/usr/bin:/Users/prasverm/.nvm/versions/node/v12.20.1/bin:/Library/Frameworks/Python.framework/Versions/3.10/bin

Yarn version: 
  1.22.17

Node version: 
  16.15.1

Platform: 
  darwin x64

Trace: 
  Error: https://registry.npmjs.com/@mono-repo%2fadminclient: Not found
      at Request.params.callback [as _callback] (/usr/local/Cellar/yarn/1.22.17_2/libexec/lib/cli.js:67029:18)
      at Request.self.callback (/usr/local/Cellar/yarn/1.22.17_2/libexec/lib/cli.js:140883:22)
      at Request.emit (node:events:527:28)
      at Request.<anonymous> (/usr/local/Cellar/yarn/1.22.17_2/libexec/lib/cli.js:141855:10)
      at Request.emit (node:events:527:28)
      at IncomingMessage.<anonymous> (/usr/local/Cellar/yarn/1.22.17_2/libexec/lib/cli.js:141777:12)
      at Object.onceWrapper (node:events:641:28)
      at IncomingMessage.emit (node:events:539:35)
      at endReadableNT (node:internal/streams/readable:1345:12)
      at processTicksAndRejections (node:internal/process/task_queues:83:21)

npm manifest: 
  {
    "name": "@mono-repo/webclient",
    "version": "1.0.0",
    "description": "",
    "main": "index.js",
    "scripts": {
      "test": "echo \"Error: no test specified\" && exit 1"
    },
    "keywords": [],
    "author": "",
    "license": "ISC",
    "dependencies": {
      "@mono-repo/adminclient": "1.0.0"
    }
  }

yarn manifest: 
  No manifest

Lockfile: 
  No lockfile
